<?xml version="1.0" encoding="UTF-8"?>
<!-- Generated by org.testng.reporters.JUnitXMLReporter -->
<testsuite ignored="0" hostname="DESKTOP-2R54049" failures="0" tests="5" name="Default test" time="13.055" errors="0" timestamp="2024-07-13T04:24:05 EET">
  <testcase classname="UI.TestsRequired" name="aTest1" time="0.086"/>
  <testcase classname="UI.TestsRequired" name="bTest2" time="0.187"/>
  <testcase classname="UI.TestsRequired" name="cTest3" time="0.127"/>
  <testcase classname="UI.TestsRequired" name="dTest4" time="0.103"/>
  <testcase classname="UI.TestsRequired" name="eTest5" time="0.095"/>
</testsuite> <!-- Default test -->
